Build started 2/2/2016 4:26:17 PM.
     1>Project "C:\Users\Envy 15.Envy\Documents\School Work\Semester 4\DM2241 Multiplayer\Multiplayer-Assignment-2\Movement (NetworkGameplay) framework\MovementServer\MovementServer.vcxproj" on node 3 (Rebuild target(s)).
     1>ClCompile:
         C:\Program Files (x86)\Microsoft Visual Studio 12.0\VC\bin\CL.exe /c /I..\RakNet\Source /Zi /nologo /W3 /WX- /O2 /Oy- /GL /D WIN32 /D NDEBUG /D _CONSOLE /D _UNICODE /D UNICODE /Gm- /EHsc /MD /GS /fp:precise /Zc:wchar_t /Zc:forScope /Fo"Release\\" /Fd"Release\vc120.pdb" /Gd /TP /analyze- /errorReport:prompt ..\Vector2.cpp Server.cpp ServerApp.cpp
         Vector2.cpp
         Server.cpp
         ServerApp.cpp
     1>ServerApp.cpp(21): warning C4244: '=' : conversion from 'RakNetTime' to 'double', possible loss of data
     1>ServerApp.cpp(49): warning C4244: 'initializing' : conversion from 'RakNetTime' to 'double', possible loss of data
     1>ServerApp.cpp(53): warning C4244: '+=' : conversion from 'double' to 'float', possible loss of data
     1>ServerApp.cpp(59): warning C4244: '=' : conversion from 'float' to 'int', possible loss of data
     1>ServerApp.cpp(64): warning C4244: '+=' : conversion from 'double' to 'float', possible loss of data
     1>ServerApp.cpp(83): warning C4244: '+=' : conversion from 'double' to 'float', possible loss of data
     1>ServerApp.cpp(410): warning C4800: 'int' : forcing value to bool 'true' or 'false' (performance warning)
     1>ServerApp.cpp(417): warning C4244: 'argument' : conversion from 'int' to 'float', possible loss of data
     1>ServerApp.cpp(426): warning C4244: 'argument' : conversion from 'int' to 'float', possible loss of data
     1>ServerApp.cpp(480): warning C4244: 'argument' : conversion from 'double' to 'float', possible loss of data
       Link:
         C:\Program Files (x86)\Microsoft Visual Studio 12.0\VC\bin\link.exe /ERRORREPORT:PROMPT /OUT:"C:\Users\Envy 15.Envy\Documents\School Work\Semester 4\DM2241 Multiplayer\Multiplayer-Assignment-2\Movement (NetworkGameplay) framework\Release\MovementServer.exe" /INCREMENTAL:NO /NOLOGO /LIBPATH:..\RakNet\Lib RaknetLibStaticDebug.lib ws2_32.lib kernel32.lib user32.lib gdi32.lib winspool.lib comdlg32.lib advapi32.lib shell32.lib ole32.lib oleaut32.lib uuid.lib odbc32.lib odbccp32.lib /MANIFEST /MANIFESTUAC:"level='asInvoker' uiAccess='false'" /manifest:embed /DEBUG /PDB:"C:\Users\Envy 15.Envy\Documents\School Work\Semester 4\DM2241 Multiplayer\Multiplayer-Assignment-2\Movement (NetworkGameplay) framework\Release\MovementServer.pdb" /SUBSYSTEM:CONSOLE /OPT:REF /OPT:ICF /LTCG /TLBID:1 /DYNAMICBASE /NXCOMPAT /IMPLIB:"C:\Users\Envy 15.Envy\Documents\School Work\Semester 4\DM2241 Multiplayer\Multiplayer-Assignment-2\Movement (NetworkGameplay) framework\Release\MovementServer.lib" /MACHINE:X86 /SAFESEH Release\Vector2.obj
         Release\Server.obj
         Release\ServerApp.obj
     1>RaknetLibStaticDebug.lib(RakNetTypes.obj) : warning LNK4075: ignoring '/EDITANDCONTINUE' due to '/OPT:ICF' specification
     1>LINK : warning LNK4098: defaultlib 'LIBCMTD' conflicts with use of other libs; use /NODEFAULTLIB:library
         Generating code
         Finished generating code
     1>RaknetLibStaticDebug.lib(BigInt.obj) : warning LNK4099: PDB 'raknetlibstaticdebug.pdb' was not found with 'RaknetLibStaticDebug.lib(BigInt.obj)' or at 'C:\Users\Envy 15.Envy\Documents\School Work\Semester 4\DM2241 Multiplayer\Multiplayer-Assignment-2\Movement (NetworkGameplay) framework\Release\raknetlibstaticdebug.pdb'; linking object as if no debug info
     1>RaknetLibStaticDebug.lib(BitStream.obj) : warning LNK4099: PDB 'raknetlibstaticdebug.pdb' was not found with 'RaknetLibStaticDebug.lib(BitStream.obj)' or at 'C:\Users\Envy 15.Envy\Documents\School Work\Semester 4\DM2241 Multiplayer\Multiplayer-Assignment-2\Movement (NetworkGameplay) framework\Release\raknetlibstaticdebug.pdb'; linking object as if no debug info
     1>RaknetLibStaticDebug.lib(CCRakNetUDT.obj) : warning LNK4099: PDB 'raknetlibstaticdebug.pdb' was not found with 'RaknetLibStaticDebug.lib(CCRakNetUDT.obj)' or at 'C:\Users\Envy 15.Envy\Documents\School Work\Semester 4\DM2241 Multiplayer\Multiplayer-Assignment-2\Movement (NetworkGameplay) framework\Release\raknetlibstaticdebug.pdb'; linking object as if no debug info
     1>RaknetLibStaticDebug.lib(CheckSum.obj) : warning LNK4099: PDB 'raknetlibstaticdebug.pdb' was not found with 'RaknetLibStaticDebug.lib(CheckSum.obj)' or at 'C:\Users\Envy 15.Envy\Documents\School Work\Semester 4\DM2241 Multiplayer\Multiplayer-Assignment-2\Movement (NetworkGameplay) framework\Release\raknetlibstaticdebug.pdb'; linking object as if no debug info
     1>RaknetLibStaticDebug.lib(CommandParserInterface.obj) : warning LNK4099: PDB 'raknetlibstaticdebug.pdb' was not found with 'RaknetLibStaticDebug.lib(CommandParserInterface.obj)' or at 'C:\Users\Envy 15.Envy\Documents\School Work\Semester 4\DM2241 Multiplayer\Multiplayer-Assignment-2\Movement (NetworkGameplay) framework\Release\raknetlibstaticdebug.pdb'; linking object as if no debug info
     1>RaknetLibStaticDebug.lib(ConnectionGraph.obj) : warning LNK4099: PDB 'raknetlibstaticdebug.pdb' was not found with 'RaknetLibStaticDebug.lib(ConnectionGraph.obj)' or at 'C:\Users\Envy 15.Envy\Documents\School Work\Semester 4\DM2241 Multiplayer\Multiplayer-Assignment-2\Movement (NetworkGameplay) framework\Release\raknetlibstaticdebug.pdb'; linking object as if no debug info
     1>RaknetLibStaticDebug.lib(ConsoleServer.obj) : warning LNK4099: PDB 'raknetlibstaticdebug.pdb' was not found with 'RaknetLibStaticDebug.lib(ConsoleServer.obj)' or at 'C:\Users\Envy 15.Envy\Documents\School Work\Semester 4\DM2241 Multiplayer\Multiplayer-Assignment-2\Movement (NetworkGameplay) framework\Release\raknetlibstaticdebug.pdb'; linking object as if no debug info
     1>RaknetLibStaticDebug.lib(DataBlockEncryptor.obj) : warning LNK4099: PDB 'raknetlibstaticdebug.pdb' was not found with 'RaknetLibStaticDebug.lib(DataBlockEncryptor.obj)' or at 'C:\Users\Envy 15.Envy\Documents\School Work\Semester 4\DM2241 Multiplayer\Multiplayer-Assignment-2\Movement (NetworkGameplay) framework\Release\raknetlibstaticdebug.pdb'; linking object as if no debug info
     1>RaknetLibStaticDebug.lib(DS_ByteQueue.obj) : warning LNK4099: PDB 'raknetlibstaticdebug.pdb' was not found with 'RaknetLibStaticDebug.lib(DS_ByteQueue.obj)' or at 'C:\Users\Envy 15.Envy\Documents\School Work\Semester 4\DM2241 Multiplayer\Multiplayer-Assignment-2\Movement (NetworkGameplay) framework\Release\raknetlibstaticdebug.pdb'; linking object as if no debug info
     1>RaknetLibStaticDebug.lib(DS_HuffmanEncodingTree.obj) : warning LNK4099: PDB 'raknetlibstaticdebug.pdb' was not found with 'RaknetLibStaticDebug.lib(DS_HuffmanEncodingTree.obj)' or at 'C:\Users\Envy 15.Envy\Documents\School Work\Semester 4\DM2241 Multiplayer\Multiplayer-Assignment-2\Movement (NetworkGameplay) framework\Release\raknetlibstaticdebug.pdb'; linking object as if no debug info
     1>RaknetLibStaticDebug.lib(GetTime.obj) : warning LNK4099: PDB 'raknetlibstaticdebug.pdb' was not found with 'RaknetLibStaticDebug.lib(GetTime.obj)' or at 'C:\Users\Envy 15.Envy\Documents\School Work\Semester 4\DM2241 Multiplayer\Multiplayer-Assignment-2\Movement (NetworkGameplay) framework\Release\raknetlibstaticdebug.pdb'; linking object as if no debug info
     1>RaknetLibStaticDebug.lib(gettimeofday.obj) : warning LNK4099: PDB 'raknetlibstaticdebug.pdb' was not found with 'RaknetLibStaticDebug.lib(gettimeofday.obj)' or at 'C:\Users\Envy 15.Envy\Documents\School Work\Semester 4\DM2241 Multiplayer\Multiplayer-Assignment-2\Movement (NetworkGameplay) framework\Release\raknetlibstaticdebug.pdb'; linking object as if no debug info
     1>RaknetLibStaticDebug.lib(Itoa.obj) : warning LNK4099: PDB 'raknetlibstaticdebug.pdb' was not found with 'RaknetLibStaticDebug.lib(Itoa.obj)' or at 'C:\Users\Envy 15.Envy\Documents\School Work\Semester 4\DM2241 Multiplayer\Multiplayer-Assignment-2\Movement (NetworkGameplay) framework\Release\raknetlibstaticdebug.pdb'; linking object as if no debug info
     1>RaknetLibStaticDebug.lib(LogCommandParser.obj) : warning LNK4099: PDB 'raknetlibstaticdebug.pdb' was not found with 'RaknetLibStaticDebug.lib(LogCommandParser.obj)' or at 'C:\Users\Envy 15.Envy\Documents\School Work\Semester 4\DM2241 Multiplayer\Multiplayer-Assignment-2\Movement (NetworkGameplay) framework\Release\raknetlibstaticdebug.pdb'; linking object as if no debug info
     1>RaknetLibStaticDebug.lib(NetworkIDManager.obj) : warning LNK4099: PDB 'raknetlibstaticdebug.pdb' was not found with 'RaknetLibStaticDebug.lib(NetworkIDManager.obj)' or at 'C:\Users\Envy 15.Envy\Documents\School Work\Semester 4\DM2241 Multiplayer\Multiplayer-Assignment-2\Movement (NetworkGameplay) framework\Release\raknetlibstaticdebug.pdb'; linking object as if no debug info
     1>RaknetLibStaticDebug.lib(NetworkIDObject.obj) : warning LNK4099: PDB 'raknetlibstaticdebug.pdb' was not found with 'RaknetLibStaticDebug.lib(NetworkIDObject.obj)' or at 'C:\Users\Envy 15.Envy\Documents\School Work\Semester 4\DM2241 Multiplayer\Multiplayer-Assignment-2\Movement (NetworkGameplay) framework\Release\raknetlibstaticdebug.pdb'; linking object as if no debug info
     1>RaknetLibStaticDebug.lib(PacketConsoleLogger.obj) : warning LNK4099: PDB 'raknetlibstaticdebug.pdb' was not found with 'RaknetLibStaticDebug.lib(PacketConsoleLogger.obj)' or at 'C:\Users\Envy 15.Envy\Documents\School Work\Semester 4\DM2241 Multiplayer\Multiplayer-Assignment-2\Movement (NetworkGameplay) framework\Release\raknetlibstaticdebug.pdb'; linking object as if no debug info
     1>RaknetLibStaticDebug.lib(PacketFileLogger.obj) : warning LNK4099: PDB 'raknetlibstaticdebug.pdb' was not found with 'RaknetLibStaticDebug.lib(PacketFileLogger.obj)' or at 'C:\Users\Envy 15.Envy\Documents\School Work\Semester 4\DM2241 Multiplayer\Multiplayer-Assignment-2\Movement (NetworkGameplay) framework\Release\raknetlibstaticdebug.pdb'; linking object as if no debug info
     1>RaknetLibStaticDebug.lib(PacketizedTCP.obj) : warning LNK4099: PDB 'raknetlibstaticdebug.pdb' was not found with 'RaknetLibStaticDebug.lib(PacketizedTCP.obj)' or at 'C:\Users\Envy 15.Envy\Documents\School Work\Semester 4\DM2241 Multiplayer\Multiplayer-Assignment-2\Movement (NetworkGameplay) framework\Release\raknetlibstaticdebug.pdb'; linking object as if no debug info
     1>RaknetLibStaticDebug.lib(PacketLogger.obj) : warning LNK4099: PDB 'raknetlibstaticdebug.pdb' was not found with 'RaknetLibStaticDebug.lib(PacketLogger.obj)' or at 'C:\Users\Envy 15.Envy\Documents\School Work\Semester 4\DM2241 Multiplayer\Multiplayer-Assignment-2\Movement (NetworkGameplay) framework\Release\raknetlibstaticdebug.pdb'; linking object as if no debug info
     1>RaknetLibStaticDebug.lib(PluginInterface2.obj) : warning LNK4099: PDB 'raknetlibstaticdebug.pdb' was not found with 'RaknetLibStaticDebug.lib(PluginInterface2.obj)' or at 'C:\Users\Envy 15.Envy\Documents\School Work\Semester 4\DM2241 Multiplayer\Multiplayer-Assignment-2\Movement (NetworkGameplay) framework\Release\raknetlibstaticdebug.pdb'; linking object as if no debug info
     1>RaknetLibStaticDebug.lib(RakMemoryOverride.obj) : warning LNK4099: PDB 'raknetlibstaticdebug.pdb' was not found with 'RaknetLibStaticDebug.lib(RakMemoryOverride.obj)' or at 'C:\Users\Envy 15.Envy\Documents\School Work\Semester 4\DM2241 Multiplayer\Multiplayer-Assignment-2\Movement (NetworkGameplay) framework\Release\raknetlibstaticdebug.pdb'; linking object as if no debug info
     1>RaknetLibStaticDebug.lib(RakNetCommandParser.obj) : warning LNK4099: PDB 'raknetlibstaticdebug.pdb' was not found with 'RaknetLibStaticDebug.lib(RakNetCommandParser.obj)' or at 'C:\Users\Envy 15.Envy\Documents\School Work\Semester 4\DM2241 Multiplayer\Multiplayer-Assignment-2\Movement (NetworkGameplay) framework\Release\raknetlibstaticdebug.pdb'; linking object as if no debug info
     1>RaknetLibStaticDebug.lib(RakNetSocket.obj) : warning LNK4099: PDB 'raknetlibstaticdebug.pdb' was not found with 'RaknetLibStaticDebug.lib(RakNetSocket.obj)' or at 'C:\Users\Envy 15.Envy\Documents\School Work\Semester 4\DM2241 Multiplayer\Multiplayer-Assignment-2\Movement (NetworkGameplay) framework\Release\raknetlibstaticdebug.pdb'; linking object as if no debug info
     1>RaknetLibStaticDebug.lib(RakNetTransport.obj) : warning LNK4099: PDB 'raknetlibstaticdebug.pdb' was not found with 'RaknetLibStaticDebug.lib(RakNetTransport.obj)' or at 'C:\Users\Envy 15.Envy\Documents\School Work\Semester 4\DM2241 Multiplayer\Multiplayer-Assignment-2\Movement (NetworkGameplay) framework\Release\raknetlibstaticdebug.pdb'; linking object as if no debug info
     1>RaknetLibStaticDebug.lib(RakNetTypes.obj) : warning LNK4099: PDB 'raknetlibstaticdebug.pdb' was not found with 'RaknetLibStaticDebug.lib(RakNetTypes.obj)' or at 'C:\Users\Envy 15.Envy\Documents\School Work\Semester 4\DM2241 Multiplayer\Multiplayer-Assignment-2\Movement (NetworkGameplay) framework\Release\raknetlibstaticdebug.pdb'; linking object as if no debug info
     1>RaknetLibStaticDebug.lib(RakNetworkFactory.obj) : warning LNK4099: PDB 'raknetlibstaticdebug.pdb' was not found with 'RaknetLibStaticDebug.lib(RakNetworkFactory.obj)' or at 'C:\Users\Envy 15.Envy\Documents\School Work\Semester 4\DM2241 Multiplayer\Multiplayer-Assignment-2\Movement (NetworkGameplay) framework\Release\raknetlibstaticdebug.pdb'; linking object as if no debug info
     1>RaknetLibStaticDebug.lib(RakPeer.obj) : warning LNK4099: PDB 'raknetlibstaticdebug.pdb' was not found with 'RaknetLibStaticDebug.lib(RakPeer.obj)' or at 'C:\Users\Envy 15.Envy\Documents\School Work\Semester 4\DM2241 Multiplayer\Multiplayer-Assignment-2\Movement (NetworkGameplay) framework\Release\raknetlibstaticdebug.pdb'; linking object as if no debug info
     1>RaknetLibStaticDebug.lib(RakSleep.obj) : warning LNK4099: PDB 'raknetlibstaticdebug.pdb' was not found with 'RaknetLibStaticDebug.lib(RakSleep.obj)' or at 'C:\Users\Envy 15.Envy\Documents\School Work\Semester 4\DM2241 Multiplayer\Multiplayer-Assignment-2\Movement (NetworkGameplay) framework\Release\raknetlibstaticdebug.pdb'; linking object as if no debug info
     1>RaknetLibStaticDebug.lib(RakString.obj) : warning LNK4099: PDB 'raknetlibstaticdebug.pdb' was not found with 'RaknetLibStaticDebug.lib(RakString.obj)' or at 'C:\Users\Envy 15.Envy\Documents\School Work\Semester 4\DM2241 Multiplayer\Multiplayer-Assignment-2\Movement (NetworkGameplay) framework\Release\raknetlibstaticdebug.pdb'; linking object as if no debug info
     1>RaknetLibStaticDebug.lib(RakThread.obj) : warning LNK4099: PDB 'raknetlibstaticdebug.pdb' was not found with 'RaknetLibStaticDebug.lib(RakThread.obj)' or at 'C:\Users\Envy 15.Envy\Documents\School Work\Semester 4\DM2241 Multiplayer\Multiplayer-Assignment-2\Movement (NetworkGameplay) framework\Release\raknetlibstaticdebug.pdb'; linking object as if no debug info
     1>RaknetLibStaticDebug.lib(Rand.obj) : warning LNK4099: PDB 'raknetlibstaticdebug.pdb' was not found with 'RaknetLibStaticDebug.lib(Rand.obj)' or at 'C:\Users\Envy 15.Envy\Documents\School Work\Semester 4\DM2241 Multiplayer\Multiplayer-Assignment-2\Movement (NetworkGameplay) framework\Release\raknetlibstaticdebug.pdb'; linking object as if no debug info
     1>RaknetLibStaticDebug.lib(ReliabilityLayer.obj) : warning LNK4099: PDB 'raknetlibstaticdebug.pdb' was not found with 'RaknetLibStaticDebug.lib(ReliabilityLayer.obj)' or at 'C:\Users\Envy 15.Envy\Documents\School Work\Semester 4\DM2241 Multiplayer\Multiplayer-Assignment-2\Movement (NetworkGameplay) framework\Release\raknetlibstaticdebug.pdb'; linking object as if no debug info
     1>RaknetLibStaticDebug.lib(ReplicaManager.obj) : warning LNK4099: PDB 'raknetlibstaticdebug.pdb' was not found with 'RaknetLibStaticDebug.lib(ReplicaManager.obj)' or at 'C:\Users\Envy 15.Envy\Documents\School Work\Semester 4\DM2241 Multiplayer\Multiplayer-Assignment-2\Movement (NetworkGameplay) framework\Release\raknetlibstaticdebug.pdb'; linking object as if no debug info
     1>RaknetLibStaticDebug.lib(rijndael.obj) : warning LNK4099: PDB 'raknetlibstaticdebug.pdb' was not found with 'RaknetLibStaticDebug.lib(rijndael.obj)' or at 'C:\Users\Envy 15.Envy\Documents\School Work\Semester 4\DM2241 Multiplayer\Multiplayer-Assignment-2\Movement (NetworkGameplay) framework\Release\raknetlibstaticdebug.pdb'; linking object as if no debug info
     1>RaknetLibStaticDebug.lib(Router.obj) : warning LNK4099: PDB 'raknetlibstaticdebug.pdb' was not found with 'RaknetLibStaticDebug.lib(Router.obj)' or at 'C:\Users\Envy 15.Envy\Documents\School Work\Semester 4\DM2241 Multiplayer\Multiplayer-Assignment-2\Movement (NetworkGameplay) framework\Release\raknetlibstaticdebug.pdb'; linking object as if no debug info
     1>RaknetLibStaticDebug.lib(RPCMap.obj) : warning LNK4099: PDB 'raknetlibstaticdebug.pdb' was not found with 'RaknetLibStaticDebug.lib(RPCMap.obj)' or at 'C:\Users\Envy 15.Envy\Documents\School Work\Semester 4\DM2241 Multiplayer\Multiplayer-Assignment-2\Movement (NetworkGameplay) framework\Release\raknetlibstaticdebug.pdb'; linking object as if no debug info
     1>RaknetLibStaticDebug.lib(RSACrypt.obj) : warning LNK4099: PDB 'raknetlibstaticdebug.pdb' was not found with 'RaknetLibStaticDebug.lib(RSACrypt.obj)' or at 'C:\Users\Envy 15.Envy\Documents\School Work\Semester 4\DM2241 Multiplayer\Multiplayer-Assignment-2\Movement (NetworkGameplay) framework\Release\raknetlibstaticdebug.pdb'; linking object as if no debug info
     1>RaknetLibStaticDebug.lib(SHA1.obj) : warning LNK4099: PDB 'raknetlibstaticdebug.pdb' was not found with 'RaknetLibStaticDebug.lib(SHA1.obj)' or at 'C:\Users\Envy 15.Envy\Documents\School Work\Semester 4\DM2241 Multiplayer\Multiplayer-Assignment-2\Movement (NetworkGameplay) framework\Release\raknetlibstaticdebug.pdb'; linking object as if no debug info
     1>RaknetLibStaticDebug.lib(SignaledEvent.obj) : warning LNK4099: PDB 'raknetlibstaticdebug.pdb' was not found with 'RaknetLibStaticDebug.lib(SignaledEvent.obj)' or at 'C:\Users\Envy 15.Envy\Documents\School Work\Semester 4\DM2241 Multiplayer\Multiplayer-Assignment-2\Movement (NetworkGameplay) framework\Release\raknetlibstaticdebug.pdb'; linking object as if no debug info
     1>RaknetLibStaticDebug.lib(SimpleMutex.obj) : warning LNK4099: PDB 'raknetlibstaticdebug.pdb' was not found with 'RaknetLibStaticDebug.lib(SimpleMutex.obj)' or at 'C:\Users\Envy 15.Envy\Documents\School Work\Semester 4\DM2241 Multiplayer\Multiplayer-Assignment-2\Movement (NetworkGameplay) framework\Release\raknetlibstaticdebug.pdb'; linking object as if no debug info
     1>RaknetLibStaticDebug.lib(SocketLayer.obj) : warning LNK4099: PDB 'raknetlibstaticdebug.pdb' was not found with 'RaknetLibStaticDebug.lib(SocketLayer.obj)' or at 'C:\Users\Envy 15.Envy\Documents\School Work\Semester 4\DM2241 Multiplayer\Multiplayer-Assignment-2\Movement (NetworkGameplay) framework\Release\raknetlibstaticdebug.pdb'; linking object as if no debug info
     1>RaknetLibStaticDebug.lib(StringCompressor.obj) : warning LNK4099: PDB 'raknetlibstaticdebug.pdb' was not found with 'RaknetLibStaticDebug.lib(StringCompressor.obj)' or at 'C:\Users\Envy 15.Envy\Documents\School Work\Semester 4\DM2241 Multiplayer\Multiplayer-Assignment-2\Movement (NetworkGameplay) framework\Release\raknetlibstaticdebug.pdb'; linking object as if no debug info
     1>RaknetLibStaticDebug.lib(StringTable.obj) : warning LNK4099: PDB 'raknetlibstaticdebug.pdb' was not found with 'RaknetLibStaticDebug.lib(StringTable.obj)' or at 'C:\Users\Envy 15.Envy\Documents\School Work\Semester 4\DM2241 Multiplayer\Multiplayer-Assignment-2\Movement (NetworkGameplay) framework\Release\raknetlibstaticdebug.pdb'; linking object as if no debug info
     1>RaknetLibStaticDebug.lib(SystemAddressList.obj) : warning LNK4099: PDB 'raknetlibstaticdebug.pdb' was not found with 'RaknetLibStaticDebug.lib(SystemAddressList.obj)' or at 'C:\Users\Envy 15.Envy\Documents\School Work\Semester 4\DM2241 Multiplayer\Multiplayer-Assignment-2\Movement (NetworkGameplay) framework\Release\raknetlibstaticdebug.pdb'; linking object as if no debug info
     1>RaknetLibStaticDebug.lib(TCPInterface.obj) : warning LNK4099: PDB 'raknetlibstaticdebug.pdb' was not found with 'RaknetLibStaticDebug.lib(TCPInterface.obj)' or at 'C:\Users\Envy 15.Envy\Documents\School Work\Semester 4\DM2241 Multiplayer\Multiplayer-Assignment-2\Movement (NetworkGameplay) framework\Release\raknetlibstaticdebug.pdb'; linking object as if no debug info
     1>RaknetLibStaticDebug.lib(TelnetTransport.obj) : warning LNK4099: PDB 'raknetlibstaticdebug.pdb' was not found with 'RaknetLibStaticDebug.lib(TelnetTransport.obj)' or at 'C:\Users\Envy 15.Envy\Documents\School Work\Semester 4\DM2241 Multiplayer\Multiplayer-Assignment-2\Movement (NetworkGameplay) framework\Release\raknetlibstaticdebug.pdb'; linking object as if no debug info
     1>RaknetLibStaticDebug.lib(WSAStartupSingleton.obj) : warning LNK4099: PDB 'raknetlibstaticdebug.pdb' was not found with 'RaknetLibStaticDebug.lib(WSAStartupSingleton.obj)' or at 'C:\Users\Envy 15.Envy\Documents\School Work\Semester 4\DM2241 Multiplayer\Multiplayer-Assignment-2\Movement (NetworkGameplay) framework\Release\raknetlibstaticdebug.pdb'; linking object as if no debug info
         MovementServer.vcxproj -> C:\Users\Envy 15.Envy\Documents\School Work\Semester 4\DM2241 Multiplayer\Multiplayer-Assignment-2\Movement (NetworkGameplay) framework\Release\MovementServer.exe
     1>Done Building Project "C:\Users\Envy 15.Envy\Documents\School Work\Semester 4\DM2241 Multiplayer\Multiplayer-Assignment-2\Movement (NetworkGameplay) framework\MovementServer\MovementServer.vcxproj" (Rebuild target(s)).

Build succeeded.

Time Elapsed 00:00:01.84
