Build started 2/2/2016 11:31:55 AM.
     1>Project "C:\Users\Envy 15.Envy\Documents\School Work\Semester 4\DM2241 Multiplayer\Multiplayer-Assignment-2\Movement (NetworkGameplay) framework\Movement.vcxproj" on node 2 (Rebuild target(s)).
     1>ClCompile:
         C:\Program Files (x86)\Microsoft Visual Studio 12.0\VC\bin\CL.exe /c /Ihge16\include /IRakNet\Source /Zi /nologo /W3 /WX- /O2 /Oy- /D WIN32 /D NDEBUG /D _CONSOLE /D _VC80_UPGRADE=0x0710 /D _MBCS /Gm- /EHsc /MT /GS /fp:precise /Zc:wchar_t /Zc:forScope /Fo"Release\\" /Fd"Release\vc120.pdb" /Gd /TP /analyze- /errorReport:prompt Application.cpp Boom.cpp Enemy.cpp Explosion.cpp GameObject.cpp main.cpp missile.cpp Projectile.cpp ship.cpp Vector2.cpp
         Application.cpp
     1>Application.cpp(77): warning C4244: 'argument' : conversion from 'const int' to 'float', possible loss of data
     1>Application.cpp(334): warning C4244: 'argument' : conversion from 'RakNetTime' to 'unsigned int', possible loss of data
     1>Application.cpp(680): warning C4996: '_itoa': This function or variable may be unsafe. Consider using _itoa_s instead. To disable deprecation, use _CRT_SECURE_NO_WARNINGS. See online help for details.
                 C:\Program Files (x86)\Microsoft Visual Studio 12.0\VC\include\stdlib.h(481) : see declaration of '_itoa'
     1>Application.cpp(757): warning C4996: '_itoa': This function or variable may be unsafe. Consider using _itoa_s instead. To disable deprecation, use _CRT_SECURE_NO_WARNINGS. See online help for details.
                 C:\Program Files (x86)\Microsoft Visual Studio 12.0\VC\include\stdlib.h(481) : see declaration of '_itoa'
     1>Application.cpp(1143): warning C4244: '=' : conversion from 'RakNetTime' to 'unsigned int', possible loss of data
     1>Application.cpp(1445): warning C4244: 'argument' : conversion from 'RakNetTime' to 'unsigned int', possible loss of data
         Boom.cpp
     1>Boom.cpp(41): warning C4244: '+=' : conversion from 'double' to 'float', possible loss of data
         Enemy.cpp
     1>Enemy.cpp(73): warning C4244: 'argument' : conversion from 'double' to 'float', possible loss of data
         Explosion.cpp
     1>Explosion.cpp(43): warning C4244: '+=' : conversion from 'double' to 'float', possible loss of data
     1>Explosion.cpp(44): warning C4244: 'argument' : conversion from 'double' to 'float', possible loss of data
         GameObject.cpp
         main.cpp
         missile.cpp
     1>missile.cpp(26): warning C4244: '+=' : conversion from 'double' to 'float', possible loss of data
     1>missile.cpp(27): warning C4244: '+=' : conversion from 'double' to 'float', possible loss of data
         Projectile.cpp
     1>Projectile.cpp(65): warning C4244: 'argument' : conversion from 'double' to 'float', possible loss of data
     1>Projectile.cpp(76): warning C4244: 'argument' : conversion from 'double' to 'float', possible loss of data
     1>Projectile.cpp(86): warning C4244: 'argument' : conversion from 'double' to 'float', possible loss of data
         ship.cpp
         Vector2.cpp
         Generating Code...
     1>c:\users\envy 15.envy\documents\school work\semester 4\dm2241 multiplayer\multiplayer-assignment-2\movement (networkgameplay) framework\projectile.cpp(132): warning C4715: 'Projectile::CheckDespawn' : not all control paths return a value
       Link:
         C:\Program Files (x86)\Microsoft Visual Studio 12.0\VC\bin\link.exe /ERRORREPORT:PROMPT /OUT:"Release\Movement.exe" /INCREMENTAL:NO /NOLOGO /LIBPATH:hge16\lib\vc /LIBPATH:RakNet\Lib hge.lib hgehelp.lib raknetlibstaticdebug.lib ws2_32.lib kernel32.lib user32.lib gdi32.lib winspool.lib comdlg32.lib advapi32.lib shell32.lib ole32.lib oleaut32.lib uuid.lib odbc32.lib odbccp32.lib /NODEFAULTLIB:libc.lib /MANIFEST /MANIFESTUAC:"level='asInvoker' uiAccess='false'" /manifest:embed /DEBUG /PDB:"Release\Movement.pdb" /SUBSYSTEM:CONSOLE /OPT:REF /OPT:ICF /TLBID:1 /DYNAMICBASE /NXCOMPAT /IMPLIB:"Release\Movement.lib" /MACHINE:X86 /SAFESEH:NO Release\Application.obj
         Release\Boom.obj
         Release\Enemy.obj
         Release\Explosion.obj
         Release\GameObject.obj
         Release\main.obj
         Release\missile.obj
         Release\Projectile.obj
         Release\ship.obj
         Release\Vector2.obj
     1>raknetlibstaticdebug.lib(RakNetworkFactory.obj) : warning LNK4075: ignoring '/EDITANDCONTINUE' due to '/OPT:ICF' specification
     1>LINK : warning LNK4098: defaultlib 'LIBCMTD' conflicts with use of other libs; use /NODEFAULTLIB:library
     1>raknetlibstaticdebug.lib(BigInt.obj) : warning LNK4099: PDB 'raknetlibstaticdebug.pdb' was not found with 'raknetlibstaticdebug.lib(BigInt.obj)' or at 'C:\Users\Envy 15.Envy\Documents\School Work\Semester 4\DM2241 Multiplayer\Multiplayer-Assignment-2\Movement (NetworkGameplay) framework\Release\raknetlibstaticdebug.pdb'; linking object as if no debug info
     1>raknetlibstaticdebug.lib(BitStream.obj) : warning LNK4099: PDB 'raknetlibstaticdebug.pdb' was not found with 'raknetlibstaticdebug.lib(BitStream.obj)' or at 'C:\Users\Envy 15.Envy\Documents\School Work\Semester 4\DM2241 Multiplayer\Multiplayer-Assignment-2\Movement (NetworkGameplay) framework\Release\raknetlibstaticdebug.pdb'; linking object as if no debug info
     1>raknetlibstaticdebug.lib(CCRakNetUDT.obj) : warning LNK4099: PDB 'raknetlibstaticdebug.pdb' was not found with 'raknetlibstaticdebug.lib(CCRakNetUDT.obj)' or at 'C:\Users\Envy 15.Envy\Documents\School Work\Semester 4\DM2241 Multiplayer\Multiplayer-Assignment-2\Movement (NetworkGameplay) framework\Release\raknetlibstaticdebug.pdb'; linking object as if no debug info
     1>raknetlibstaticdebug.lib(CheckSum.obj) : warning LNK4099: PDB 'raknetlibstaticdebug.pdb' was not found with 'raknetlibstaticdebug.lib(CheckSum.obj)' or at 'C:\Users\Envy 15.Envy\Documents\School Work\Semester 4\DM2241 Multiplayer\Multiplayer-Assignment-2\Movement (NetworkGameplay) framework\Release\raknetlibstaticdebug.pdb'; linking object as if no debug info
     1>raknetlibstaticdebug.lib(CommandParserInterface.obj) : warning LNK4099: PDB 'raknetlibstaticdebug.pdb' was not found with 'raknetlibstaticdebug.lib(CommandParserInterface.obj)' or at 'C:\Users\Envy 15.Envy\Documents\School Work\Semester 4\DM2241 Multiplayer\Multiplayer-Assignment-2\Movement (NetworkGameplay) framework\Release\raknetlibstaticdebug.pdb'; linking object as if no debug info
     1>raknetlibstaticdebug.lib(ConnectionGraph.obj) : warning LNK4099: PDB 'raknetlibstaticdebug.pdb' was not found with 'raknetlibstaticdebug.lib(ConnectionGraph.obj)' or at 'C:\Users\Envy 15.Envy\Documents\School Work\Semester 4\DM2241 Multiplayer\Multiplayer-Assignment-2\Movement (NetworkGameplay) framework\Release\raknetlibstaticdebug.pdb'; linking object as if no debug info
     1>raknetlibstaticdebug.lib(ConsoleServer.obj) : warning LNK4099: PDB 'raknetlibstaticdebug.pdb' was not found with 'raknetlibstaticdebug.lib(ConsoleServer.obj)' or at 'C:\Users\Envy 15.Envy\Documents\School Work\Semester 4\DM2241 Multiplayer\Multiplayer-Assignment-2\Movement (NetworkGameplay) framework\Release\raknetlibstaticdebug.pdb'; linking object as if no debug info
     1>raknetlibstaticdebug.lib(DataBlockEncryptor.obj) : warning LNK4099: PDB 'raknetlibstaticdebug.pdb' was not found with 'raknetlibstaticdebug.lib(DataBlockEncryptor.obj)' or at 'C:\Users\Envy 15.Envy\Documents\School Work\Semester 4\DM2241 Multiplayer\Multiplayer-Assignment-2\Movement (NetworkGameplay) framework\Release\raknetlibstaticdebug.pdb'; linking object as if no debug info
     1>raknetlibstaticdebug.lib(DS_ByteQueue.obj) : warning LNK4099: PDB 'raknetlibstaticdebug.pdb' was not found with 'raknetlibstaticdebug.lib(DS_ByteQueue.obj)' or at 'C:\Users\Envy 15.Envy\Documents\School Work\Semester 4\DM2241 Multiplayer\Multiplayer-Assignment-2\Movement (NetworkGameplay) framework\Release\raknetlibstaticdebug.pdb'; linking object as if no debug info
     1>raknetlibstaticdebug.lib(DS_HuffmanEncodingTree.obj) : warning LNK4099: PDB 'raknetlibstaticdebug.pdb' was not found with 'raknetlibstaticdebug.lib(DS_HuffmanEncodingTree.obj)' or at 'C:\Users\Envy 15.Envy\Documents\School Work\Semester 4\DM2241 Multiplayer\Multiplayer-Assignment-2\Movement (NetworkGameplay) framework\Release\raknetlibstaticdebug.pdb'; linking object as if no debug info
     1>raknetlibstaticdebug.lib(GetTime.obj) : warning LNK4099: PDB 'raknetlibstaticdebug.pdb' was not found with 'raknetlibstaticdebug.lib(GetTime.obj)' or at 'C:\Users\Envy 15.Envy\Documents\School Work\Semester 4\DM2241 Multiplayer\Multiplayer-Assignment-2\Movement (NetworkGameplay) framework\Release\raknetlibstaticdebug.pdb'; linking object as if no debug info
     1>raknetlibstaticdebug.lib(gettimeofday.obj) : warning LNK4099: PDB 'raknetlibstaticdebug.pdb' was not found with 'raknetlibstaticdebug.lib(gettimeofday.obj)' or at 'C:\Users\Envy 15.Envy\Documents\School Work\Semester 4\DM2241 Multiplayer\Multiplayer-Assignment-2\Movement (NetworkGameplay) framework\Release\raknetlibstaticdebug.pdb'; linking object as if no debug info
     1>raknetlibstaticdebug.lib(Itoa.obj) : warning LNK4099: PDB 'raknetlibstaticdebug.pdb' was not found with 'raknetlibstaticdebug.lib(Itoa.obj)' or at 'C:\Users\Envy 15.Envy\Documents\School Work\Semester 4\DM2241 Multiplayer\Multiplayer-Assignment-2\Movement (NetworkGameplay) framework\Release\raknetlibstaticdebug.pdb'; linking object as if no debug info
     1>raknetlibstaticdebug.lib(LogCommandParser.obj) : warning LNK4099: PDB 'raknetlibstaticdebug.pdb' was not found with 'raknetlibstaticdebug.lib(LogCommandParser.obj)' or at 'C:\Users\Envy 15.Envy\Documents\School Work\Semester 4\DM2241 Multiplayer\Multiplayer-Assignment-2\Movement (NetworkGameplay) framework\Release\raknetlibstaticdebug.pdb'; linking object as if no debug info
     1>raknetlibstaticdebug.lib(NetworkIDManager.obj) : warning LNK4099: PDB 'raknetlibstaticdebug.pdb' was not found with 'raknetlibstaticdebug.lib(NetworkIDManager.obj)' or at 'C:\Users\Envy 15.Envy\Documents\School Work\Semester 4\DM2241 Multiplayer\Multiplayer-Assignment-2\Movement (NetworkGameplay) framework\Release\raknetlibstaticdebug.pdb'; linking object as if no debug info
     1>raknetlibstaticdebug.lib(NetworkIDObject.obj) : warning LNK4099: PDB 'raknetlibstaticdebug.pdb' was not found with 'raknetlibstaticdebug.lib(NetworkIDObject.obj)' or at 'C:\Users\Envy 15.Envy\Documents\School Work\Semester 4\DM2241 Multiplayer\Multiplayer-Assignment-2\Movement (NetworkGameplay) framework\Release\raknetlibstaticdebug.pdb'; linking object as if no debug info
     1>raknetlibstaticdebug.lib(PacketConsoleLogger.obj) : warning LNK4099: PDB 'raknetlibstaticdebug.pdb' was not found with 'raknetlibstaticdebug.lib(PacketConsoleLogger.obj)' or at 'C:\Users\Envy 15.Envy\Documents\School Work\Semester 4\DM2241 Multiplayer\Multiplayer-Assignment-2\Movement (NetworkGameplay) framework\Release\raknetlibstaticdebug.pdb'; linking object as if no debug info
     1>raknetlibstaticdebug.lib(PacketFileLogger.obj) : warning LNK4099: PDB 'raknetlibstaticdebug.pdb' was not found with 'raknetlibstaticdebug.lib(PacketFileLogger.obj)' or at 'C:\Users\Envy 15.Envy\Documents\School Work\Semester 4\DM2241 Multiplayer\Multiplayer-Assignment-2\Movement (NetworkGameplay) framework\Release\raknetlibstaticdebug.pdb'; linking object as if no debug info
     1>raknetlibstaticdebug.lib(PacketizedTCP.obj) : warning LNK4099: PDB 'raknetlibstaticdebug.pdb' was not found with 'raknetlibstaticdebug.lib(PacketizedTCP.obj)' or at 'C:\Users\Envy 15.Envy\Documents\School Work\Semester 4\DM2241 Multiplayer\Multiplayer-Assignment-2\Movement (NetworkGameplay) framework\Release\raknetlibstaticdebug.pdb'; linking object as if no debug info
     1>raknetlibstaticdebug.lib(PacketLogger.obj) : warning LNK4099: PDB 'raknetlibstaticdebug.pdb' was not found with 'raknetlibstaticdebug.lib(PacketLogger.obj)' or at 'C:\Users\Envy 15.Envy\Documents\School Work\Semester 4\DM2241 Multiplayer\Multiplayer-Assignment-2\Movement (NetworkGameplay) framework\Release\raknetlibstaticdebug.pdb'; linking object as if no debug info
     1>raknetlibstaticdebug.lib(PluginInterface2.obj) : warning LNK4099: PDB 'raknetlibstaticdebug.pdb' was not found with 'raknetlibstaticdebug.lib(PluginInterface2.obj)' or at 'C:\Users\Envy 15.Envy\Documents\School Work\Semester 4\DM2241 Multiplayer\Multiplayer-Assignment-2\Movement (NetworkGameplay) framework\Release\raknetlibstaticdebug.pdb'; linking object as if no debug info
     1>raknetlibstaticdebug.lib(RakMemoryOverride.obj) : warning LNK4099: PDB 'raknetlibstaticdebug.pdb' was not found with 'raknetlibstaticdebug.lib(RakMemoryOverride.obj)' or at 'C:\Users\Envy 15.Envy\Documents\School Work\Semester 4\DM2241 Multiplayer\Multiplayer-Assignment-2\Movement (NetworkGameplay) framework\Release\raknetlibstaticdebug.pdb'; linking object as if no debug info
     1>raknetlibstaticdebug.lib(RakNetCommandParser.obj) : warning LNK4099: PDB 'raknetlibstaticdebug.pdb' was not found with 'raknetlibstaticdebug.lib(RakNetCommandParser.obj)' or at 'C:\Users\Envy 15.Envy\Documents\School Work\Semester 4\DM2241 Multiplayer\Multiplayer-Assignment-2\Movement (NetworkGameplay) framework\Release\raknetlibstaticdebug.pdb'; linking object as if no debug info
     1>raknetlibstaticdebug.lib(RakNetSocket.obj) : warning LNK4099: PDB 'raknetlibstaticdebug.pdb' was not found with 'raknetlibstaticdebug.lib(RakNetSocket.obj)' or at 'C:\Users\Envy 15.Envy\Documents\School Work\Semester 4\DM2241 Multiplayer\Multiplayer-Assignment-2\Movement (NetworkGameplay) framework\Release\raknetlibstaticdebug.pdb'; linking object as if no debug info
     1>raknetlibstaticdebug.lib(RakNetTransport.obj) : warning LNK4099: PDB 'raknetlibstaticdebug.pdb' was not found with 'raknetlibstaticdebug.lib(RakNetTransport.obj)' or at 'C:\Users\Envy 15.Envy\Documents\School Work\Semester 4\DM2241 Multiplayer\Multiplayer-Assignment-2\Movement (NetworkGameplay) framework\Release\raknetlibstaticdebug.pdb'; linking object as if no debug info
     1>raknetlibstaticdebug.lib(RakNetTypes.obj) : warning LNK4099: PDB 'raknetlibstaticdebug.pdb' was not found with 'raknetlibstaticdebug.lib(RakNetTypes.obj)' or at 'C:\Users\Envy 15.Envy\Documents\School Work\Semester 4\DM2241 Multiplayer\Multiplayer-Assignment-2\Movement (NetworkGameplay) framework\Release\raknetlibstaticdebug.pdb'; linking object as if no debug info
     1>raknetlibstaticdebug.lib(RakNetworkFactory.obj) : warning LNK4099: PDB 'raknetlibstaticdebug.pdb' was not found with 'raknetlibstaticdebug.lib(RakNetworkFactory.obj)' or at 'C:\Users\Envy 15.Envy\Documents\School Work\Semester 4\DM2241 Multiplayer\Multiplayer-Assignment-2\Movement (NetworkGameplay) framework\Release\raknetlibstaticdebug.pdb'; linking object as if no debug info
     1>raknetlibstaticdebug.lib(RakPeer.obj) : warning LNK4099: PDB 'raknetlibstaticdebug.pdb' was not found with 'raknetlibstaticdebug.lib(RakPeer.obj)' or at 'C:\Users\Envy 15.Envy\Documents\School Work\Semester 4\DM2241 Multiplayer\Multiplayer-Assignment-2\Movement (NetworkGameplay) framework\Release\raknetlibstaticdebug.pdb'; linking object as if no debug info
     1>raknetlibstaticdebug.lib(RakSleep.obj) : warning LNK4099: PDB 'raknetlibstaticdebug.pdb' was not found with 'raknetlibstaticdebug.lib(RakSleep.obj)' or at 'C:\Users\Envy 15.Envy\Documents\School Work\Semester 4\DM2241 Multiplayer\Multiplayer-Assignment-2\Movement (NetworkGameplay) framework\Release\raknetlibstaticdebug.pdb'; linking object as if no debug info
     1>raknetlibstaticdebug.lib(RakString.obj) : warning LNK4099: PDB 'raknetlibstaticdebug.pdb' was not found with 'raknetlibstaticdebug.lib(RakString.obj)' or at 'C:\Users\Envy 15.Envy\Documents\School Work\Semester 4\DM2241 Multiplayer\Multiplayer-Assignment-2\Movement (NetworkGameplay) framework\Release\raknetlibstaticdebug.pdb'; linking object as if no debug info
     1>raknetlibstaticdebug.lib(RakThread.obj) : warning LNK4099: PDB 'raknetlibstaticdebug.pdb' was not found with 'raknetlibstaticdebug.lib(RakThread.obj)' or at 'C:\Users\Envy 15.Envy\Documents\School Work\Semester 4\DM2241 Multiplayer\Multiplayer-Assignment-2\Movement (NetworkGameplay) framework\Release\raknetlibstaticdebug.pdb'; linking object as if no debug info
     1>raknetlibstaticdebug.lib(Rand.obj) : warning LNK4099: PDB 'raknetlibstaticdebug.pdb' was not found with 'raknetlibstaticdebug.lib(Rand.obj)' or at 'C:\Users\Envy 15.Envy\Documents\School Work\Semester 4\DM2241 Multiplayer\Multiplayer-Assignment-2\Movement (NetworkGameplay) framework\Release\raknetlibstaticdebug.pdb'; linking object as if no debug info
     1>raknetlibstaticdebug.lib(ReliabilityLayer.obj) : warning LNK4099: PDB 'raknetlibstaticdebug.pdb' was not found with 'raknetlibstaticdebug.lib(ReliabilityLayer.obj)' or at 'C:\Users\Envy 15.Envy\Documents\School Work\Semester 4\DM2241 Multiplayer\Multiplayer-Assignment-2\Movement (NetworkGameplay) framework\Release\raknetlibstaticdebug.pdb'; linking object as if no debug info
     1>raknetlibstaticdebug.lib(ReplicaManager.obj) : warning LNK4099: PDB 'raknetlibstaticdebug.pdb' was not found with 'raknetlibstaticdebug.lib(ReplicaManager.obj)' or at 'C:\Users\Envy 15.Envy\Documents\School Work\Semester 4\DM2241 Multiplayer\Multiplayer-Assignment-2\Movement (NetworkGameplay) framework\Release\raknetlibstaticdebug.pdb'; linking object as if no debug info
     1>raknetlibstaticdebug.lib(rijndael.obj) : warning LNK4099: PDB 'raknetlibstaticdebug.pdb' was not found with 'raknetlibstaticdebug.lib(rijndael.obj)' or at 'C:\Users\Envy 15.Envy\Documents\School Work\Semester 4\DM2241 Multiplayer\Multiplayer-Assignment-2\Movement (NetworkGameplay) framework\Release\raknetlibstaticdebug.pdb'; linking object as if no debug info
     1>raknetlibstaticdebug.lib(Router.obj) : warning LNK4099: PDB 'raknetlibstaticdebug.pdb' was not found with 'raknetlibstaticdebug.lib(Router.obj)' or at 'C:\Users\Envy 15.Envy\Documents\School Work\Semester 4\DM2241 Multiplayer\Multiplayer-Assignment-2\Movement (NetworkGameplay) framework\Release\raknetlibstaticdebug.pdb'; linking object as if no debug info
     1>raknetlibstaticdebug.lib(RPCMap.obj) : warning LNK4099: PDB 'raknetlibstaticdebug.pdb' was not found with 'raknetlibstaticdebug.lib(RPCMap.obj)' or at 'C:\Users\Envy 15.Envy\Documents\School Work\Semester 4\DM2241 Multiplayer\Multiplayer-Assignment-2\Movement (NetworkGameplay) framework\Release\raknetlibstaticdebug.pdb'; linking object as if no debug info
     1>raknetlibstaticdebug.lib(RSACrypt.obj) : warning LNK4099: PDB 'raknetlibstaticdebug.pdb' was not found with 'raknetlibstaticdebug.lib(RSACrypt.obj)' or at 'C:\Users\Envy 15.Envy\Documents\School Work\Semester 4\DM2241 Multiplayer\Multiplayer-Assignment-2\Movement (NetworkGameplay) framework\Release\raknetlibstaticdebug.pdb'; linking object as if no debug info
     1>raknetlibstaticdebug.lib(SHA1.obj) : warning LNK4099: PDB 'raknetlibstaticdebug.pdb' was not found with 'raknetlibstaticdebug.lib(SHA1.obj)' or at 'C:\Users\Envy 15.Envy\Documents\School Work\Semester 4\DM2241 Multiplayer\Multiplayer-Assignment-2\Movement (NetworkGameplay) framework\Release\raknetlibstaticdebug.pdb'; linking object as if no debug info
     1>raknetlibstaticdebug.lib(SignaledEvent.obj) : warning LNK4099: PDB 'raknetlibstaticdebug.pdb' was not found with 'raknetlibstaticdebug.lib(SignaledEvent.obj)' or at 'C:\Users\Envy 15.Envy\Documents\School Work\Semester 4\DM2241 Multiplayer\Multiplayer-Assignment-2\Movement (NetworkGameplay) framework\Release\raknetlibstaticdebug.pdb'; linking object as if no debug info
     1>raknetlibstaticdebug.lib(SimpleMutex.obj) : warning LNK4099: PDB 'raknetlibstaticdebug.pdb' was not found with 'raknetlibstaticdebug.lib(SimpleMutex.obj)' or at 'C:\Users\Envy 15.Envy\Documents\School Work\Semester 4\DM2241 Multiplayer\Multiplayer-Assignment-2\Movement (NetworkGameplay) framework\Release\raknetlibstaticdebug.pdb'; linking object as if no debug info
     1>raknetlibstaticdebug.lib(SocketLayer.obj) : warning LNK4099: PDB 'raknetlibstaticdebug.pdb' was not found with 'raknetlibstaticdebug.lib(SocketLayer.obj)' or at 'C:\Users\Envy 15.Envy\Documents\School Work\Semester 4\DM2241 Multiplayer\Multiplayer-Assignment-2\Movement (NetworkGameplay) framework\Release\raknetlibstaticdebug.pdb'; linking object as if no debug info
     1>raknetlibstaticdebug.lib(StringCompressor.obj) : warning LNK4099: PDB 'raknetlibstaticdebug.pdb' was not found with 'raknetlibstaticdebug.lib(StringCompressor.obj)' or at 'C:\Users\Envy 15.Envy\Documents\School Work\Semester 4\DM2241 Multiplayer\Multiplayer-Assignment-2\Movement (NetworkGameplay) framework\Release\raknetlibstaticdebug.pdb'; linking object as if no debug info
     1>raknetlibstaticdebug.lib(StringTable.obj) : warning LNK4099: PDB 'raknetlibstaticdebug.pdb' was not found with 'raknetlibstaticdebug.lib(StringTable.obj)' or at 'C:\Users\Envy 15.Envy\Documents\School Work\Semester 4\DM2241 Multiplayer\Multiplayer-Assignment-2\Movement (NetworkGameplay) framework\Release\raknetlibstaticdebug.pdb'; linking object as if no debug info
     1>raknetlibstaticdebug.lib(SystemAddressList.obj) : warning LNK4099: PDB 'raknetlibstaticdebug.pdb' was not found with 'raknetlibstaticdebug.lib(SystemAddressList.obj)' or at 'C:\Users\Envy 15.Envy\Documents\School Work\Semester 4\DM2241 Multiplayer\Multiplayer-Assignment-2\Movement (NetworkGameplay) framework\Release\raknetlibstaticdebug.pdb'; linking object as if no debug info
     1>raknetlibstaticdebug.lib(TCPInterface.obj) : warning LNK4099: PDB 'raknetlibstaticdebug.pdb' was not found with 'raknetlibstaticdebug.lib(TCPInterface.obj)' or at 'C:\Users\Envy 15.Envy\Documents\School Work\Semester 4\DM2241 Multiplayer\Multiplayer-Assignment-2\Movement (NetworkGameplay) framework\Release\raknetlibstaticdebug.pdb'; linking object as if no debug info
     1>raknetlibstaticdebug.lib(TelnetTransport.obj) : warning LNK4099: PDB 'raknetlibstaticdebug.pdb' was not found with 'raknetlibstaticdebug.lib(TelnetTransport.obj)' or at 'C:\Users\Envy 15.Envy\Documents\School Work\Semester 4\DM2241 Multiplayer\Multiplayer-Assignment-2\Movement (NetworkGameplay) framework\Release\raknetlibstaticdebug.pdb'; linking object as if no debug info
     1>raknetlibstaticdebug.lib(WSAStartupSingleton.obj) : warning LNK4099: PDB 'raknetlibstaticdebug.pdb' was not found with 'raknetlibstaticdebug.lib(WSAStartupSingleton.obj)' or at 'C:\Users\Envy 15.Envy\Documents\School Work\Semester 4\DM2241 Multiplayer\Multiplayer-Assignment-2\Movement (NetworkGameplay) framework\Release\raknetlibstaticdebug.pdb'; linking object as if no debug info
         Movement.vcxproj -> C:\Users\Envy 15.Envy\Documents\School Work\Semester 4\DM2241 Multiplayer\Multiplayer-Assignment-2\Movement (NetworkGameplay) framework\Release\Movement.exe
     1>Done Building Project "C:\Users\Envy 15.Envy\Documents\School Work\Semester 4\DM2241 Multiplayer\Multiplayer-Assignment-2\Movement (NetworkGameplay) framework\Movement.vcxproj" (Rebuild target(s)).

Build succeeded.

Time Elapsed 00:00:05.75
