c:\users\envy 15.envy\documents\school work\semester 4\dm2241 multiplayer\multiplayer-assignment-2\movement (networkgameplay) framework\release\vc120.pdb
c:\users\envy 15.envy\documents\school work\semester 4\dm2241 multiplayer\multiplayer-assignment-2\movement (networkgameplay) framework\release\vector2.obj
c:\users\envy 15.envy\documents\school work\semester 4\dm2241 multiplayer\multiplayer-assignment-2\movement (networkgameplay) framework\release\ship.obj
c:\users\envy 15.envy\documents\school work\semester 4\dm2241 multiplayer\multiplayer-assignment-2\movement (networkgameplay) framework\release\projectile.obj
c:\users\envy 15.envy\documents\school work\semester 4\dm2241 multiplayer\multiplayer-assignment-2\movement (networkgameplay) framework\release\missile.obj
c:\users\envy 15.envy\documents\school work\semester 4\dm2241 multiplayer\multiplayer-assignment-2\movement (networkgameplay) framework\release\main.obj
c:\users\envy 15.envy\documents\school work\semester 4\dm2241 multiplayer\multiplayer-assignment-2\movement (networkgameplay) framework\release\gameobject.obj
c:\users\envy 15.envy\documents\school work\semester 4\dm2241 multiplayer\multiplayer-assignment-2\movement (networkgameplay) framework\release\explosion.obj
c:\users\envy 15.envy\documents\school work\semester 4\dm2241 multiplayer\multiplayer-assignment-2\movement (networkgameplay) framework\release\enemy.obj
c:\users\envy 15.envy\documents\school work\semester 4\dm2241 multiplayer\multiplayer-assignment-2\movement (networkgameplay) framework\release\boom.obj
c:\users\envy 15.envy\documents\school work\semester 4\dm2241 multiplayer\multiplayer-assignment-2\movement (networkgameplay) framework\release\application.obj
c:\users\envy 15.envy\documents\school work\semester 4\dm2241 multiplayer\multiplayer-assignment-2\movement (networkgameplay) framework\release\movement.exe
c:\users\envy 15.envy\documents\school work\semester 4\dm2241 multiplayer\multiplayer-assignment-2\movement (networkgameplay) framework\release\movement.pdb
c:\users\envy 15.envy\documents\school work\semester 4\dm2241 multiplayer\multiplayer-assignment-2\movement (networkgameplay) framework\release\movementserver.pdb
c:\users\envy 15.envy\documents\school work\semester 4\dm2241 multiplayer\multiplayer-assignment-2\movement (networkgameplay) framework\release\movement.tlog\cl.command.1.tlog
c:\users\envy 15.envy\documents\school work\semester 4\dm2241 multiplayer\multiplayer-assignment-2\movement (networkgameplay) framework\release\movement.tlog\cl.read.1.tlog
c:\users\envy 15.envy\documents\school work\semester 4\dm2241 multiplayer\multiplayer-assignment-2\movement (networkgameplay) framework\release\movement.tlog\cl.write.1.tlog
c:\users\envy 15.envy\documents\school work\semester 4\dm2241 multiplayer\multiplayer-assignment-2\movement (networkgameplay) framework\release\movement.tlog\link.command.1.tlog
c:\users\envy 15.envy\documents\school work\semester 4\dm2241 multiplayer\multiplayer-assignment-2\movement (networkgameplay) framework\release\movement.tlog\link.read.1.tlog
c:\users\envy 15.envy\documents\school work\semester 4\dm2241 multiplayer\multiplayer-assignment-2\movement (networkgameplay) framework\release\movement.tlog\link.write.1.tlog
