c:\users\koh fang shu\desktop\multiplayer-assignment-2\movement (networkgameplay) framework\debug\vc120.pdb
c:\users\koh fang shu\desktop\multiplayer-assignment-2\movement (networkgameplay) framework\debug\vc120.idb
c:\users\koh fang shu\desktop\multiplayer-assignment-2\movement (networkgameplay) framework\debug\application.obj
c:\users\koh fang shu\desktop\multiplayer-assignment-2\movement (networkgameplay) framework\debug\enemy.obj
c:\users\koh fang shu\desktop\multiplayer-assignment-2\movement (networkgameplay) framework\debug\explosion.obj
c:\users\koh fang shu\desktop\multiplayer-assignment-2\movement (networkgameplay) framework\debug\gameobject.obj
c:\users\koh fang shu\desktop\multiplayer-assignment-2\movement (networkgameplay) framework\debug\main.obj
c:\users\koh fang shu\desktop\multiplayer-assignment-2\movement (networkgameplay) framework\debug\missile.obj
c:\users\koh fang shu\desktop\multiplayer-assignment-2\movement (networkgameplay) framework\debug\projectile.obj
c:\users\koh fang shu\desktop\multiplayer-assignment-2\movement (networkgameplay) framework\debug\ship.obj
c:\users\koh fang shu\desktop\multiplayer-assignment-2\movement (networkgameplay) framework\debug\vector2.obj
c:\users\koh fang shu\desktop\multiplayer-assignment-2\movement (networkgameplay) framework\debug\movement.ilk
c:\users\koh fang shu\desktop\multiplayer-assignment-2\movement (networkgameplay) framework\debug\movement.exe
c:\users\koh fang shu\desktop\multiplayer-assignment-2\movement (networkgameplay) framework\debug\movement.pdb
c:\users\koh fang shu\desktop\multiplayer-assignment-2\movement (networkgameplay) framework\debug\movementserver.ilk
c:\users\koh fang shu\desktop\multiplayer-assignment-2\movement (networkgameplay) framework\debug\movementserver.pdb
c:\users\koh fang shu\desktop\multiplayer-assignment-2\movement (networkgameplay) framework\debug\movement.tlog\cl.command.1.tlog
c:\users\koh fang shu\desktop\multiplayer-assignment-2\movement (networkgameplay) framework\debug\movement.tlog\cl.read.1.tlog
c:\users\koh fang shu\desktop\multiplayer-assignment-2\movement (networkgameplay) framework\debug\movement.tlog\cl.write.1.tlog
c:\users\koh fang shu\desktop\multiplayer-assignment-2\movement (networkgameplay) framework\debug\movement.tlog\link.command.1.tlog
c:\users\koh fang shu\desktop\multiplayer-assignment-2\movement (networkgameplay) framework\debug\movement.tlog\link.read.1.tlog
c:\users\koh fang shu\desktop\multiplayer-assignment-2\movement (networkgameplay) framework\debug\movement.tlog\link.write.1.tlog
